Processing Record ....  1 of Set 1  | ponta do sol
Processing Record ....  2 of Set 1  | ushuaia
Processing Record ....  3 of Set 1  | codrington
Processing Record ....  4 of Set 1  | saldanha
Processing Record ....  5 of Set 1  | punta arenas
Processing Record ....  6 of Set 1  | esperance
Processing Record ....  7 of Set 1  | birjand
Processing Record ....  8 of Set 1  | bredasdorp
Processing Record ....  9 of Set 1  | busselton
Processing Record .... 10 of Set 1  | east london
Processing Record .... 11 of Set 1  | victoria
Processing Record .... 12 of Set 1  | tarancon
City not found....Skipping.....     | barentsburg
City not found....Skipping.....     | illoqqortoormiut
Processing Record .... 15 of Set 1  | rikitea
Processing Record .... 16 of Set 1  | arraial do cabo
Processing Record .... 17 of Set 1  | pedernales
Processing Record .... 18 of Set 1  | hithadhoo
Processing Record .... 19 of Set 1  | port alfred
Processing Record .... 20 of Set 1  | vaini
Processing Record .... 21 of Set 1  | new norfolk
Processing Record .... 22 of Set 1  | georgetown
Processing Record .... 23 of Set 1  | san matias
Processing Record .... 24 of Set 1  | hobart
Processing Record .... 25 of Set 1  | mantua
Processing Record .... 26 of Set 1  | ilhabela
Processing Record .... 27 of Set 1  | gigmoto
Processing Record .... 28 of Set 1  | islamkot
Processing Record .... 29 of Set 1  | mehamn
Processing Record .... 30 of Set 1  | shenkursk
Processing Record .... 31 of Set 1  | cape town
Processing Record .... 32 of Set 1  | puerto ayora
Processing Record .... 33 of Set 1  | thompson
Processing Record .... 34 of Set 1  | yellowknife
Processing Record .... 35 of Set 1  | ilave
Processing Record .... 36 of Set 1  | albany
Processing Record .... 37 of Set 1  | jamestown
Processing Record .... 38 of Set 1  | cidreira
Processing Record .... 39 of Set 1  | biak
Processing Record .... 40 of Set 1  | leningradskiy
Processing Record .... 41 of Set 1  | chuy
Processing Record .... 42 of Set 1  | surt
Processing Record .... 43 of Set 1  | xuddur
Processing Record .... 44 of Set 1  | tomatlan
Processing Record .... 45 of Set 1  | sao filipe
Processing Record .... 46 of Set 1  | quatre cocos
City not found....Skipping.....     | acarau
Processing Record .... 48 of Set 1  | hajnowka
City not found....Skipping.....     | belushya guba
Processing Record .... 50 of Set 1  | rorvik
City not found....Skipping.....     | taolanaro
City not found....Skipping.....     | bolungarvik
City not found....Skipping.....     | kamenskoye
Processing Record ....  4 of Set 2  | lorengau
Processing Record ....  5 of Set 2  | mazagao
Processing Record ....  6 of Set 2  | shimizu
Processing Record ....  7 of Set 2  | cabo san lucas
Processing Record ....  8 of Set 2  | nhulunbuy
Processing Record ....  9 of Set 2  | ciudad bolivar
Processing Record .... 10 of Set 2  | hambantota
Processing Record .... 11 of Set 2  | pindi gheb
Processing Record .... 12 of Set 2  | raudeberg
City not found....Skipping.....     | bengkulu
Processing Record .... 14 of Set 2  | chekhov
Processing Record .... 15 of Set 2  | airai
Processing Record .... 16 of Set 2  | avarua
Processing Record .... 17 of Set 2  | bethel
Processing Record .... 18 of Set 2  | iwanai
Processing Record .... 19 of Set 2  | snasa
Processing Record .... 20 of Set 2  | sangar
Processing Record .... 21 of Set 2  | butaritari
Processing Record .... 22 of Set 2  | pangkalanbuun
Processing Record .... 23 of Set 2  | khatanga
Processing Record .... 24 of Set 2  | mufulira
City not found....Skipping.....     | asau
Processing Record .... 26 of Set 2  | port elizabeth
Processing Record .... 27 of Set 2  | raahe
City not found....Skipping.....     | tsihombe
Processing Record .... 29 of Set 2  | mahebourg
Processing Record .... 30 of Set 2  | bluff
Processing Record .... 31 of Set 2  | shache
Processing Record .... 32 of Set 2  | lahij
Processing Record .... 33 of Set 2  | hermanus
Processing Record .... 34 of Set 2  | bowen
City not found....Skipping.....     | tarudant
Processing Record .... 36 of Set 2  | kodiak
City not found....Skipping.....     | attawapiskat
Processing Record .... 38 of Set 2  | kaeo
Processing Record .... 39 of Set 2  | poum
Processing Record .... 40 of Set 2  | ust-maya
Processing Record .... 41 of Set 2  | tiarei
Processing Record .... 42 of Set 2  | mar del plata
Processing Record .... 43 of Set 2  | kapaa
Processing Record .... 44 of Set 2  | valdivia
Processing Record .... 45 of Set 2  | provideniya
Processing Record .... 46 of Set 2  | mataura
Processing Record .... 47 of Set 2  | fuyang
Processing Record .... 48 of Set 2  | juneau
City not found....Skipping.....     | samalaeulu
Processing Record .... 50 of Set 2  | oistins
Processing Record ....  1 of Set 3  | san andres
Processing Record ....  2 of Set 3  | katsuura
Processing Record ....  3 of Set 3  | waycross
Processing Record ....  4 of Set 3  | sechura
Processing Record ....  5 of Set 3  | santa rosa
Processing Record ....  6 of Set 3  | muslyumovo
Processing Record ....  7 of Set 3  | irece
Processing Record ....  8 of Set 3  | ambilobe
Processing Record ....  9 of Set 3  | lagoa
Processing Record .... 10 of Set 3  | koslan
City not found....Skipping.....     | qurayyat
Processing Record .... 12 of Set 3  | muros
City not found....Skipping.....     | kyra
Processing Record .... 14 of Set 3  | mareeba
City not found....Skipping.....     | bur gabo
Processing Record .... 16 of Set 3  | kawalu
Processing Record .... 17 of Set 3  | mount isa
Processing Record .... 18 of Set 3  | buchanan
Processing Record .... 19 of Set 3  | eregli
City not found....Skipping.....     | rudbar
City not found....Skipping.....     | korla
City not found....Skipping.....     | sorvag
Processing Record .... 23 of Set 3  | paita
Processing Record .... 24 of Set 3  | bambous virieux
Processing Record .... 25 of Set 3  | barrow
Processing Record .... 26 of Set 3  | anahuac
Processing Record .... 27 of Set 3  | tiksi
Processing Record .... 28 of Set 3  | ottawa
Processing Record .... 29 of Set 3  | saravena
Processing Record .... 30 of Set 3  | iqaluit
Processing Record .... 31 of Set 3  | iskateley
Processing Record .... 32 of Set 3  | karacabey
City not found....Skipping.....     | kuche
Processing Record .... 34 of Set 3  | okhotsk
Processing Record .... 35 of Set 3  | tuktoyaktuk
Processing Record .... 36 of Set 3  | abancay
Processing Record .... 37 of Set 3  | arlit
Processing Record .... 38 of Set 3  | longyearbyen
Processing Record .... 39 of Set 3  | malia
Processing Record .... 40 of Set 3  | atuona
City not found....Skipping.....     | jibuti
Processing Record .... 42 of Set 3  | tasiilaq
Processing Record .... 43 of Set 3  | grand gaube
Processing Record .... 44 of Set 3  | emba
Processing Record .... 45 of Set 3  | bosaso
Processing Record .... 46 of Set 3  | port hardy
Processing Record .... 47 of Set 3  | manavgat
Processing Record .... 48 of Set 3  | micheweni
Processing Record .... 49 of Set 3  | zyryanka
Processing Record .... 50 of Set 3  | voh
Processing Record ....  1 of Set 4  | vostok
Processing Record ....  2 of Set 4  | praxedis guerrero
City not found....Skipping.....     | samusu
Processing Record ....  4 of Set 4  | fare
Processing Record ....  5 of Set 4  | saint-philippe
Processing Record ....  6 of Set 4  | tungi
Processing Record ....  7 of Set 4  | sisimiut
Processing Record ....  8 of Set 4  | charlestown
Processing Record ....  9 of Set 4  | alugan
Processing Record .... 10 of Set 4  | castro
City not found....Skipping.....     | khonuu
City not found....Skipping.....     | nizhneyansk
Processing Record .... 13 of Set 4  | mahibadhoo
City not found....Skipping.....     | fort saint john
Processing Record .... 15 of Set 4  | rocha
Processing Record .... 16 of Set 4  | xining
Processing Record .... 17 of Set 4  | trincomalee
Processing Record .... 18 of Set 4  | edd
Processing Record .... 19 of Set 4  | meulaboh
Processing Record .... 20 of Set 4  | saint-pierre
Processing Record .... 21 of Set 4  | swan river
Processing Record .... 22 of Set 4  | port macquarie
Processing Record .... 23 of Set 4  | vila velha
Processing Record .... 24 of Set 4  | severo-kurilsk
Processing Record .... 25 of Set 4  | japura
Processing Record .... 26 of Set 4  | ourossogui
Processing Record .... 27 of Set 4  | dumlan
Processing Record .... 28 of Set 4  | narsaq
City not found....Skipping.....     | sedelnikovo
Processing Record .... 30 of Set 4  | pacific grove
Processing Record .... 31 of Set 4  | rurrenabaque
Processing Record .... 32 of Set 4  | dali
Processing Record .... 33 of Set 4  | taldan
Processing Record .... 34 of Set 4  | orkney
Processing Record .... 35 of Set 4  | dunedin
City not found....Skipping.....     | dolbeau
Processing Record .... 37 of Set 4  | nyrob
Processing Record .... 38 of Set 4  | lompoc
Processing Record .... 39 of Set 4  | likasi
Processing Record .... 40 of Set 4  | naze
City not found....Skipping.....     | tlahualilo
Processing Record .... 42 of Set 4  | lebu
Processing Record .... 43 of Set 4  | garowe
Processing Record .... 44 of Set 4  | kahului
Processing Record .... 45 of Set 4  | te anau
Processing Record .... 46 of Set 4  | mackay
Processing Record .... 47 of Set 4  | jagatsinghapur
Processing Record .... 48 of Set 4  | saint anthony
Processing Record .... 49 of Set 4  | korgen
Processing Record .... 50 of Set 4  | sitka
Processing Record ....  1 of Set 5  | lavrentiya
Processing Record ....  2 of Set 5  | pochutla
Processing Record ....  3 of Set 5  | dikson
Processing Record ....  4 of Set 5  | vardo
Processing Record ....  5 of Set 5  | tha mai
Processing Record ....  6 of Set 5  | puerto escondido
Processing Record ....  7 of Set 5  | khuzhir
City not found....Skipping.....     | loubomo
Processing Record ....  9 of Set 5  | arrifes
Processing Record .... 10 of Set 5  | belaya gora
Processing Record .... 11 of Set 5  | kruisfontein
City not found....Skipping.....     | tumannyy
City not found....Skipping.....     | karauzyak
Processing Record .... 14 of Set 5  | nakhon thai
City not found....Skipping.....     | vaitupu
Processing Record .... 16 of Set 5  | betafo
Processing Record .... 17 of Set 5  | alofi
Processing Record .... 18 of Set 5  | port lincoln
Processing Record .... 19 of Set 5  | pevek
City not found....Skipping.....     | yuancheng
Processing Record .... 21 of Set 5  | san cristobal
Processing Record .... 22 of Set 5  | los llanos de aridane
Processing Record .... 23 of Set 5  | kaitangata
Processing Record .... 24 of Set 5  | waipawa
Processing Record .... 25 of Set 5  | chokurdakh
Processing Record .... 26 of Set 5  | marsh harbour
Processing Record .... 27 of Set 5  | luderitz
Processing Record .... 28 of Set 5  | pisco
Processing Record .... 29 of Set 5  | port said
Processing Record .... 30 of Set 5  | souillac
Processing Record .... 31 of Set 5  | saint george
Processing Record .... 32 of Set 5  | baykit
Processing Record .... 33 of Set 5  | huanren
Processing Record .... 34 of Set 5  | zabid
Processing Record .... 35 of Set 5  | roald
Processing Record .... 36 of Set 5  | qaanaaq
Processing Record .... 37 of Set 5  | lufilufi
Processing Record .... 38 of Set 5  | torbay
Processing Record .... 39 of Set 5  | cayenne
City not found....Skipping.....     | mys shmidta
Processing Record .... 41 of Set 5  | iquitos
Processing Record .... 42 of Set 5  | contamana
Processing Record .... 43 of Set 5  | goderich
Processing Record .... 44 of Set 5  | fort wellington
Processing Record .... 45 of Set 5  | pasni
Processing Record .... 46 of Set 5  | aksu
Processing Record .... 47 of Set 5  | mishkino
Processing Record .... 48 of Set 5  | wanaka
Processing Record .... 49 of Set 5  | hasaki
Processing Record .... 50 of Set 5  | bintulu
Processing Record ....  1 of Set 6  | saskylakh
Processing Record ....  2 of Set 6  | asopos
Processing Record ....  3 of Set 6  | carnarvon
Processing Record ....  4 of Set 6  | saint paul
Processing Record ....  5 of Set 6  | yuli
Processing Record ....  6 of Set 6  | rumonge
Processing Record ....  7 of Set 6  | ivanivka
Processing Record ....  8 of Set 6  | sydney mines
Processing Record ....  9 of Set 6  | talnakh
Processing Record .... 10 of Set 6  | ampanihy
Processing Record .... 11 of Set 6  | sassandra
Processing Record .... 12 of Set 6  | ugoofaaru
Processing Record .... 13 of Set 6  | ilulissat
Processing Record .... 14 of Set 6  | maragogi
Processing Record .... 15 of Set 6  | port-gentil
Processing Record .... 16 of Set 6  | zeya
Processing Record .... 17 of Set 6  | jalu
Processing Record .... 18 of Set 6  | celendin
Processing Record .... 19 of Set 6  | mayskiy
Processing Record .... 20 of Set 6  | zhigansk
Processing Record .... 21 of Set 6  | kenitra
Processing Record .... 22 of Set 6  | cherskiy
Processing Record .... 23 of Set 6  | gazanjyk
Processing Record .... 24 of Set 6  | bangkalan
Processing Record .... 25 of Set 6  | timizart
Processing Record .... 26 of Set 6  | sioux lookout
Processing Record .... 27 of Set 6  | rosetta
Processing Record .... 28 of Set 6  | lanxi
Processing Record .... 29 of Set 6  | clyde river
Processing Record .... 30 of Set 6  | kutum
Processing Record .... 31 of Set 6  | hudson bay
Processing Record .... 32 of Set 6  | itabirito
Processing Record .... 33 of Set 6  | kudahuvadhoo
Processing Record .... 34 of Set 6  | naryan-mar
Processing Record .... 35 of Set 6  | hilo
City not found....Skipping.....     | grand river south east
Processing Record .... 37 of Set 6  | tyukhtet
Processing Record .... 38 of Set 6  | portland
Processing Record .... 39 of Set 6  | nemuro
Processing Record .... 40 of Set 6  | tura
Processing Record .... 41 of Set 6  | balkanabat
Processing Record .... 42 of Set 6  | nikolskoye
Processing Record .... 43 of Set 6  | sokone
Processing Record .... 44 of Set 6  | shelbyville
Processing Record .... 45 of Set 6  | marawi
Processing Record .... 46 of Set 6  | bandarbeyla
Processing Record .... 47 of Set 6  | camacha
Processing Record .... 48 of Set 6  | cockburn town
Processing Record .... 49 of Set 6  | necochea
Processing Record .... 50 of Set 6  | aasiaat
Processing Record ....  1 of Set 7  | shestakovo
Processing Record ....  2 of Set 7  | san patricio
Processing Record ....  3 of Set 7  | caravelas
Processing Record ....  4 of Set 7  | aberdeen
Processing Record ....  5 of Set 7  | shelkovskaya
Processing Record ....  6 of Set 7  | dunmore town
Processing Record ....  7 of Set 7  | diamantino
Processing Record ....  8 of Set 7  | ribeira grande
Processing Record ....  9 of Set 7  | ancud
Processing Record .... 10 of Set 7  | husavik
Processing Record .... 11 of Set 7  | fairview
Processing Record .... 12 of Set 7  | kamsack
Processing Record .... 13 of Set 7  | malampaka
Processing Record .... 14 of Set 7  | russell
Processing Record .... 15 of Set 7  | college
Processing Record .... 16 of Set 7  | yerofey pavlovich
City not found....Skipping.....     | stamsund
Processing Record .... 18 of Set 7  | sabaudia
Processing Record .... 19 of Set 7  | sao domingos do maranhao
Processing Record .... 20 of Set 7  | aksarka
Processing Record .... 21 of Set 7  | kot addu
Processing Record .... 22 of Set 7  | boshnyakovo
Processing Record .... 23 of Set 7  | chadiza
Processing Record .... 24 of Set 7  | haines junction
Processing Record .... 25 of Set 7  | ostersund
City not found....Skipping.....     | camana
Processing Record .... 27 of Set 7  | america dourada
Processing Record .... 28 of Set 7  | tilichiki
City not found....Skipping.....     | khormuj
Processing Record .... 30 of Set 7  | gat
City not found....Skipping.....     | bolshegrivskoye
Processing Record .... 32 of Set 7  | kyshtovka
Processing Record .... 33 of Set 7  | berlevag
Processing Record .... 34 of Set 7  | krasnovishersk
Processing Record .... 35 of Set 7  | niceville
Processing Record .... 36 of Set 7  | nongan
Processing Record .... 37 of Set 7  | yumen
Processing Record .... 38 of Set 7  | lovington
City not found....Skipping.....     | sakakah
Processing Record .... 40 of Set 7  | lexington
Processing Record .... 41 of Set 7  | diapaga
Processing Record .... 42 of Set 7  | margate
Processing Record .... 43 of Set 7  | padang
Processing Record .... 44 of Set 7  | marrakesh
Processing Record .... 45 of Set 7  | kankon
City not found....Skipping.....     | daxian
Processing Record .... 47 of Set 7  | santa maria
City not found....Skipping.....     | jaque
Processing Record .... 49 of Set 7  | san rafael
City not found....Skipping.....     | rungata
City not found....Skipping.....     | amderma
City not found....Skipping.....     | hire
Processing Record ....  3 of Set 8  | kerema
City not found....Skipping.....     | saleaula
Processing Record ....  5 of Set 8  | tortoli
Processing Record ....  6 of Set 8  | tezu
Processing Record ....  7 of Set 8  | boddam
Processing Record ....  8 of Set 8  | ketchikan
Processing Record ....  9 of Set 8  | yar-sale
City not found....Skipping.....     | shchelyayur
Processing Record .... 11 of Set 8  | burnie
Processing Record .... 12 of Set 8  | ban nahin
Processing Record .... 13 of Set 8  | angoche
Processing Record .... 14 of Set 8  | shamkhal
Processing Record .... 15 of Set 8  | sorland
Processing Record .... 16 of Set 8  | jinxiang
Processing Record .... 17 of Set 8  | lashio
Processing Record .... 18 of Set 8  | mount gambier
Processing Record .... 19 of Set 8  | half moon bay
Processing Record .... 20 of Set 8  | san isidro
City not found....Skipping.....     | umm jarr
Processing Record .... 22 of Set 8  | seymchan
Processing Record .... 23 of Set 8  | shirokiy
Processing Record .... 24 of Set 8  | jiangyou
Processing Record .... 25 of Set 8  | kavaratti
Processing Record .... 26 of Set 8  | kencong
City not found....Skipping.....     | sentyabrskiy
Processing Record .... 28 of Set 8  | bitung
Processing Record .... 29 of Set 8  | hohhot
Processing Record .... 30 of Set 8  | maniitsoq
Processing Record .... 31 of Set 8  | abonnema
Processing Record .... 32 of Set 8  | paramonga
Processing Record .... 33 of Set 8  | honningsvag
Processing Record .... 34 of Set 8  | port hedland
City not found....Skipping.....     | krasnoselkup
Processing Record .... 36 of Set 8  | bonthe
Processing Record .... 37 of Set 8  | henties bay
Processing Record .... 38 of Set 8  | okoneshnikovo
Processing Record .... 39 of Set 8  | constitucion
Processing Record .... 40 of Set 8  | kashira
Processing Record .... 41 of Set 8  | hofn
Processing Record .... 42 of Set 8  | skjervoy
Processing Record .... 43 of Set 8  | upernavik
Processing Record .... 44 of Set 8  | dutse
Processing Record .... 45 of Set 8  | aklavik
City not found....Skipping.....     | miranorte
Processing Record .... 47 of Set 8  | deception bay
City not found....Skipping.....     | guelengdeng
Processing Record .... 49 of Set 8  | calabozo
Processing Record .... 50 of Set 8  | sur
Processing Record ....  1 of Set 9  | gorele
City not found....Skipping.....     | hai phong
Processing Record ....  3 of Set 9  | cody
Processing Record ....  4 of Set 9  | maputo
Processing Record ....  5 of Set 9  | carutapera
Processing Record ....  6 of Set 9  | viedma
Processing Record ....  7 of Set 9  | palmer
Processing Record ....  8 of Set 9  | mahroni
Processing Record ....  9 of Set 9  | belem de sao francisco
Processing Record .... 10 of Set 9  | adrar
Processing Record .... 11 of Set 9  | sao gabriel da cachoeira
Processing Record .... 12 of Set 9  | canutama
Processing Record .... 13 of Set 9  | huicheng
Processing Record .... 14 of Set 9  | forio
Processing Record .... 15 of Set 9  | bontang
Processing Record .... 16 of Set 9  | orocue
Processing Record .... 17 of Set 9  | beringovskiy
City not found....Skipping.....     | svetlyy
Processing Record .... 19 of Set 9  | nelson bay
Processing Record .... 20 of Set 9  | ornskoldsvik
Processing Record .... 21 of Set 9  | whyalla
Processing Record .... 22 of Set 9  | wolsztyn
Processing Record .... 23 of Set 9  | tigil
Processing Record .... 24 of Set 9  | maku
Processing Record .... 25 of Set 9  | tongliao
Processing Record .... 26 of Set 9  | touros
Processing Record .... 27 of Set 9  | fortuna
Processing Record .... 28 of Set 9  | la rochelle
Processing Record .... 29 of Set 9  | norman wells
Processing Record .... 30 of Set 9  | tigzirt
Processing Record .... 31 of Set 9  | nuuk
Processing Record .... 32 of Set 9  | ayorou
Processing Record .... 33 of Set 9  | polunochnoye
Processing Record .... 34 of Set 9  | plettenberg bay
Processing Record .... 35 of Set 9  | talaya
City not found....Skipping.....     | tabialan
Processing Record .... 37 of Set 9  | christchurch
Processing Record .... 38 of Set 9  | ranong
Processing Record .... 39 of Set 9  | manga
Processing Record .... 40 of Set 9  | tsabong
Processing Record .... 41 of Set 9  | geraldton
Processing Record .... 42 of Set 9  | yeppoon
Processing Record .... 43 of Set 9  | westport
Processing Record .... 44 of Set 9  | sawtell
Processing Record .... 45 of Set 9  | carauari
Processing Record .... 46 of Set 9  | ibra
Processing Record .... 47 of Set 9  | karpathos
Processing Record .... 48 of Set 9  | ulladulla
Processing Record .... 49 of Set 9  | bahia blanca
Processing Record .... 50 of Set 9  | zvishavane
Processing Record ....  1 of Set 10  | san ramon de la nueva oran
Processing Record ....  2 of Set 10  | swellendam
Processing Record ....  3 of Set 10  | susanville
Processing Record ....  4 of Set 10  | coihaique
Processing Record ....  5 of Set 10  | le port
Processing Record ....  6 of Set 10  | cap malheureux
Processing Record ....  7 of Set 10  | yulara
Processing Record ....  8 of Set 10  | miri
City not found....Skipping.....     | wulanhaote
Processing Record .... 10 of Set 10  | freeport
Processing Record .... 11 of Set 10  | kuznechnoye
Processing Record .... 12 of Set 10  | luwuk
Processing Record .... 13 of Set 10  | fairbanks
Processing Record .... 14 of Set 10  | buala
Processing Record .... 15 of Set 10  | road town
Processing Record .... 16 of Set 10  | isangel
Processing Record .... 17 of Set 10  | tucuman
Processing Record .... 18 of Set 10  | loralai
Processing Record .... 19 of Set 10  | tuatapere
Processing Record .... 20 of Set 10  | chumikan
Processing Record .... 21 of Set 10  | novyy urengoy
Processing Record .... 22 of Set 10  | port blair
Processing Record .... 23 of Set 10  | srednekolymsk
Processing Record .... 24 of Set 10  | pionerskiy
Processing Record .... 25 of Set 10  | kavieng
Processing Record .... 26 of Set 10  | aykhal
Processing Record .... 27 of Set 10  | ferkessedougou
Processing Record .... 28 of Set 10  | shaping
Processing Record .... 29 of Set 10  | vidim
Processing Record .... 30 of Set 10  | broken hill
Processing Record .... 31 of Set 10  | taoudenni
Processing Record .... 32 of Set 10  | zwedru
Processing Record .... 33 of Set 10  | dalvik
Processing Record .... 34 of Set 10  | rizhao
Processing Record .... 35 of Set 10  | greeley
Processing Record .... 36 of Set 10  | vila franca do campo
Processing Record .... 37 of Set 10  | ratnagiri
Processing Record .... 38 of Set 10  | yatou
Processing Record .... 39 of Set 10  | lalmohan
Processing Record .... 40 of Set 10  | verkhnyaya inta
Processing Record .... 41 of Set 10  | maningrida
Processing Record .... 42 of Set 10  | shimoda
Processing Record .... 43 of Set 10  | namibe
Processing Record .... 44 of Set 10  | vityazevo
Processing Record .... 45 of Set 10  | amahai
Processing Record .... 46 of Set 10  | abu samrah
Processing Record .... 47 of Set 10  | ghimes-faget
Processing Record .... 48 of Set 10  | salalah
Processing Record .... 49 of Set 10  | amapa
Processing Record .... 50 of Set 10  | elko
City not found....Skipping.....     | borujan
Processing Record ....  2 of Set 11  | kupang
City not found....Skipping.....     | halalo
Processing Record ....  4 of Set 11  | weyburn
Processing Record ....  5 of Set 11  | acapulco
Processing Record ....  6 of Set 11  | saint-francois
City not found....Skipping.....     | stoyba
Processing Record ....  8 of Set 11  | waukesha
City not found....Skipping.....     | malwan
Processing Record .... 10 of Set 11  | yomou
City not found....Skipping.....     | jahrom
Processing Record .... 12 of Set 11  | praia da vitoria
Processing Record .... 13 of Set 11  | sola
Processing Record .... 14 of Set 11  | buin
Processing Record .... 15 of Set 11  | sept-iles
Processing Record .... 16 of Set 11  | ladario
Processing Record .... 17 of Set 11  | omboue
Processing Record .... 18 of Set 11  | umea
Processing Record .... 19 of Set 11  | nanortalik
Processing Record .... 20 of Set 11  | playa vicente
Processing Record .... 21 of Set 11  | trelleborg
City not found....Skipping.....     | hunza
Processing Record .... 23 of Set 11  | karratha
Processing Record .... 24 of Set 11  | maxcanu
Processing Record .... 25 of Set 11  | pangnirtung
Processing Record .... 26 of Set 11  | axim
Processing Record .... 27 of Set 11  | villa maria
Processing Record .... 28 of Set 11  | mitsamiouli
Processing Record .... 29 of Set 11  | rio gallegos
Processing Record .... 30 of Set 11  | pulaski
Processing Record .... 31 of Set 11  | bela vista de goias
Processing Record .... 32 of Set 11  | kushima
Processing Record .... 33 of Set 11  | morondava
Processing Record .... 34 of Set 11  | la ronge
Processing Record .... 35 of Set 11  | praia
Processing Record .... 36 of Set 11  | tacuarembo
Processing Record .... 37 of Set 11  | weligama
Processing Record .... 38 of Set 11  | dunmore east
Processing Record .... 39 of Set 11  | prachuap khiri khan
Processing Record .... 40 of Set 11  | kabinda
Processing Record .... 41 of Set 11  | havre-saint-pierre
Processing Record .... 42 of Set 11  | ulcinj
Processing Record .... 43 of Set 11  | ranau
Processing Record .... 44 of Set 11  | bilma
Processing Record .... 45 of Set 11  | andros
City not found....Skipping.....     | azimur
Processing Record .... 47 of Set 11  | nome
City not found....Skipping.....     | ciras
Processing Record .... 49 of Set 11  | qasigiannguit
Processing Record .... 50 of Set 11  | tautira
Processing Record ....  1 of Set 12  | chachapoyas
Processing Record ....  2 of Set 12  | beidao
Processing Record ....  3 of Set 12  | la palma
City not found....Skipping.....     | abiy adi
Processing Record ....  5 of Set 12  | udachnyy
Processing Record ....  6 of Set 12  | keffi
Processing Record ....  7 of Set 12  | bay-khaak
Processing Record ....  8 of Set 12  | lubao
City not found....Skipping.....     | karkaralinsk
Processing Record .... 10 of Set 12  | mindelo
City not found....Skipping.....     | olafsvik
Processing Record .... 12 of Set 12  | west wendover
Processing Record .... 13 of Set 12  | santa catarina
Processing Record .... 14 of Set 12  | maldonado
Processing Record .... 15 of Set 12  | enshi
Processing Record .... 16 of Set 12  | fengzhen
City not found....Skipping.....     | karamea
Processing Record .... 18 of Set 12  | pathanamthitta
Processing Record .... 19 of Set 12  | guerrero negro
Processing Record .... 20 of Set 12  | walvis bay
Processing Record .... 21 of Set 12  | eydhafushi
City not found....Skipping.....     | kytlym
Processing Record .... 23 of Set 12  | chapais
Processing Record .... 24 of Set 12  | ovsyanka
City not found....Skipping.....     | umzimvubu
Processing Record .... 26 of Set 12  | kupino
Processing Record .... 27 of Set 12  | buraydah
Processing Record .... 28 of Set 12  | labuhan
Processing Record .... 29 of Set 12  | mishan
Processing Record .... 30 of Set 12  | opoczno
Processing Record .... 31 of Set 12  | weilburg
Processing Record .... 32 of Set 12  | paamiut
Processing Record .... 33 of Set 12  | clearwater
Processing Record .... 34 of Set 12  | marsa matruh
Processing Record .... 35 of Set 12  | tacuati
Processing Record .... 36 of Set 12  | turayf
Processing Record .... 37 of Set 12  | tengzhou
Processing Record .... 38 of Set 12  | penarroya-pueblonuevo
Processing Record .... 39 of Set 12  | inirida
Processing Record .... 40 of Set 12  | komsomolskiy
City not found....Skipping.....     | katsiveli
Processing Record .... 42 of Set 12  | vanavara
City not found....Skipping.....     | safaga
Processing Record .... 44 of Set 12  | nobres
Processing Record .... 45 of Set 12  | hirara
Processing Record .... 46 of Set 12  | salvador
Processing Record .... 47 of Set 12  | ous
Processing Record .... 48 of Set 12  | rio tercero
Processing Record .... 49 of Set 12  | cardston
Processing Record .... 50 of Set 12  | wanning
Processing Record ....  1 of Set 13  | san jeronimo
Processing Record ....  2 of Set 13  | severnoye
Processing Record ....  3 of Set 13  | morristown
Processing Record ....  4 of Set 13  | bathsheba
City not found....Skipping.....     | louisbourg
Processing Record ....  6 of Set 13  | sao felix do xingu
City not found....Skipping.....     | urdzhar
Processing Record ....  8 of Set 13  | jacareacanga
Processing Record ....  9 of Set 13  | yuanping
Processing Record .... 10 of Set 13  | parvatipuram
Processing Record .... 11 of Set 13  | casper
